{"C:\\Users\\Goose\\Desktop\\stellar-burgers\\src\\services\\authSlice.ts": {"path":"C:\\Users\\Goose\\Desktop\\stellar-burgers\\src\\services\\authSlice.ts","statementMap":{"0":{"start":{"line":2,"column":0},"end":{"line":2,"column":76}},"1":{"start":{"line":4,"column":0},"end":{"line":4,"column":null}},"2":{"start":{"line":13,"column":0},"end":{"line":13,"column":58}},"3":{"start":{"line":23,"column":33},"end":{"line":29,"column":2}},"4":{"start":{"line":31,"column":26},"end":{"line":41,"column":1}},"5":{"start":{"line":37,"column":2},"end":{"line":37,"column":35}},"6":{"start":{"line":38,"column":2},"end":{"line":38,"column":31}},"7":{"start":{"line":39,"column":2},"end":{"line":39,"column":29}},"8":{"start":{"line":40,"column":2},"end":{"line":40,"column":24}},"9":{"start":{"line":43,"column":13},"end":{"line":53,"column":2}},"10":{"start":{"line":45,"column":28},"end":{"line":52,"column":null}},"11":{"start":{"line":46,"column":21},"end":{"line":46,"column":null}},"12":{"start":{"line":46,"column":10},"end":{"line":46,"column":null}},"13":{"start":{"line":47,"column":4},"end":{"line":47,"column":51}},"14":{"start":{"line":48,"column":4},"end":{"line":48,"column":64}},"15":{"start":{"line":49,"column":4},"end":{"line":51,"column":6}},"16":{"start":{"line":55,"column":13},"end":{"line":65,"column":2}},"17":{"start":{"line":57,"column":25},"end":{"line":64,"column":null}},"18":{"start":{"line":58,"column":21},"end":{"line":58,"column":null}},"19":{"start":{"line":58,"column":10},"end":{"line":58,"column":null}},"20":{"start":{"line":59,"column":4},"end":{"line":59,"column":51}},"21":{"start":{"line":60,"column":4},"end":{"line":60,"column":64}},"22":{"start":{"line":61,"column":4},"end":{"line":63,"column":6}},"23":{"start":{"line":67,"column":13},"end":{"line":72,"column":3}},"24":{"start":{"line":67,"column":54},"end":{"line":72,"column":2}},"25":{"start":{"line":68,"column":2},"end":{"line":68,"column":20}},"26":{"start":{"line":69,"column":2},"end":{"line":69,"column":30}},"27":{"start":{"line":70,"column":2},"end":{"line":70,"column":42}},"28":{"start":{"line":71,"column":2},"end":{"line":71,"column":14}},"29":{"start":{"line":75,"column":13},"end":{"line":75,"column":68}},"30":{"start":{"line":77,"column":13},"end":{"line":83,"column":2}},"31":{"start":{"line":79,"column":37},"end":{"line":82,"column":null}},"32":{"start":{"line":80,"column":21},"end":{"line":80,"column":null}},"33":{"start":{"line":80,"column":10},"end":{"line":80,"column":null}},"34":{"start":{"line":81,"column":4},"end":{"line":81,"column":25}},"35":{"start":{"line":85,"column":13},"end":{"line":131,"column":3}},"36":{"start":{"line":90,"column":4},"end":{"line":123,"column":8}},"37":{"start":{"line":94,"column":8},"end":{"line":94,"column":41}},"38":{"start":{"line":95,"column":8},"end":{"line":95,"column":37}},"39":{"start":{"line":96,"column":8},"end":{"line":96,"column":35}},"40":{"start":{"line":97,"column":8},"end":{"line":97,"column":30}},"41":{"start":{"line":100,"column":8},"end":{"line":100,"column":36}},"42":{"start":{"line":101,"column":8},"end":{"line":101,"column":30}},"43":{"start":{"line":104,"column":8},"end":{"line":104,"column":26}},"44":{"start":{"line":105,"column":8},"end":{"line":105,"column":38}},"45":{"start":{"line":106,"column":8},"end":{"line":106,"column":35}},"46":{"start":{"line":107,"column":8},"end":{"line":107,"column":30}},"47":{"start":{"line":110,"column":31},"end":{"line":110,"column":null}},"48":{"start":{"line":112,"column":10},"end":{"line":112,"column":31}},"49":{"start":{"line":113,"column":10},"end":{"line":113,"column":34}},"50":{"start":{"line":117,"column":31},"end":{"line":117,"column":null}},"51":{"start":{"line":119,"column":10},"end":{"line":119,"column":32}},"52":{"start":{"line":120,"column":10},"end":{"line":120,"column":37}},"53":{"start":{"line":126,"column":27},"end":{"line":126,"column":null}},"54":{"start":{"line":127,"column":33},"end":{"line":127,"column":null}},"55":{"start":{"line":128,"column":34},"end":{"line":128,"column":null}},"56":{"start":{"line":129,"column":31},"end":{"line":129,"column":null}},"57":{"start":{"line":134,"column":2},"end":{"line":137,"column":null}}},"fnMap":{"0":{"name":"(anonymous_13)","decl":{"start":{"line":31,"column":26},"end":{"line":31,"column":null}},"loc":{"start":{"line":35,"column":3},"end":{"line":41,"column":1}}},"1":{"name":"(anonymous_14)","decl":{"start":{"line":45,"column":2},"end":{"line":45,"column":9}},"loc":{"start":{"line":45,"column":28},"end":{"line":52,"column":null}}},"2":{"name":"(anonymous_15)","decl":{"start":{"line":45,"column":28},"end":{"line":45,"column":null}},"loc":{"start":{"line":45,"column":28},"end":{"line":52,"column":null}}},"3":{"name":"(anonymous_17)","decl":{"start":{"line":57,"column":2},"end":{"line":57,"column":9}},"loc":{"start":{"line":57,"column":25},"end":{"line":64,"column":null}}},"4":{"name":"(anonymous_18)","decl":{"start":{"line":57,"column":25},"end":{"line":57,"column":null}},"loc":{"start":{"line":57,"column":25},"end":{"line":64,"column":null}}},"5":{"name":"(anonymous_20)","decl":{"start":{"line":67,"column":54},"end":{"line":67,"column":null}},"loc":{"start":{"line":67,"column":54},"end":{"line":72,"column":2}}},"6":{"name":"(anonymous_23)","decl":{"start":{"line":79,"column":2},"end":{"line":79,"column":9}},"loc":{"start":{"line":79,"column":37},"end":{"line":82,"column":null}}},"7":{"name":"(anonymous_24)","decl":{"start":{"line":79,"column":37},"end":{"line":79,"column":null}},"loc":{"start":{"line":79,"column":37},"end":{"line":82,"column":null}}},"8":{"name":"(anonymous_26)","decl":{"start":{"line":89,"column":17},"end":{"line":89,"column":18}},"loc":{"start":{"line":89,"column":25},"end":{"line":124,"column":3}}},"9":{"name":"(anonymous_27)","decl":{"start":{"line":93,"column":36},"end":{"line":93,"column":37}},"loc":{"start":{"line":93,"column":50},"end":{"line":98,"column":7}}},"10":{"name":"(anonymous_28)","decl":{"start":{"line":99,"column":37},"end":{"line":99,"column":38}},"loc":{"start":{"line":99,"column":51},"end":{"line":102,"column":7}}},"11":{"name":"(anonymous_29)","decl":{"start":{"line":103,"column":33},"end":{"line":103,"column":34}},"loc":{"start":{"line":103,"column":39},"end":{"line":108,"column":7}}},"12":{"name":"(anonymous_30)","decl":{"start":{"line":110,"column":8},"end":{"line":110,"column":9}},"loc":{"start":{"line":110,"column":26},"end":{"line":110,"column":37}}},"13":{"name":"(anonymous_31)","decl":{"start":{"line":111,"column":8},"end":{"line":111,"column":9}},"loc":{"start":{"line":111,"column":14},"end":{"line":114,"column":9}}},"14":{"name":"(anonymous_32)","decl":{"start":{"line":117,"column":8},"end":{"line":117,"column":9}},"loc":{"start":{"line":117,"column":26},"end":{"line":117,"column":37}}},"15":{"name":"(anonymous_33)","decl":{"start":{"line":118,"column":8},"end":{"line":118,"column":9}},"loc":{"start":{"line":118,"column":22},"end":{"line":122,"column":9}}},"16":{"name":"(anonymous_34)","decl":{"start":{"line":126,"column":16},"end":{"line":126,"column":17}},"loc":{"start":{"line":126,"column":22},"end":{"line":126,"column":32}}},"17":{"name":"(anonymous_35)","decl":{"start":{"line":127,"column":22},"end":{"line":127,"column":23}},"loc":{"start":{"line":127,"column":28},"end":{"line":127,"column":38}}},"18":{"name":"(anonymous_36)","decl":{"start":{"line":128,"column":23},"end":{"line":128,"column":24}},"loc":{"start":{"line":128,"column":29},"end":{"line":128,"column":39}}},"19":{"name":"(anonymous_37)","decl":{"start":{"line":129,"column":20},"end":{"line":129,"column":21}},"loc":{"start":{"line":129,"column":26},"end":{"line":129,"column":null}}}},"branchMap":{"0":{"loc":{"start":{"line":46,"column":21},"end":{"line":46,"column":null}},"type":"switch","locations":[{"start":{"line":46,"column":21},"end":{"line":46,"column":null}}]},"1":{"loc":{"start":{"line":58,"column":21},"end":{"line":58,"column":null}},"type":"switch","locations":[{"start":{"line":58,"column":21},"end":{"line":58,"column":null}}]},"2":{"loc":{"start":{"line":68,"column":2},"end":{"line":68,"column":20}},"type":"switch","locations":[{"start":{"line":68,"column":2},"end":{"line":68,"column":20}}]},"3":{"loc":{"start":{"line":80,"column":21},"end":{"line":80,"column":null}},"type":"switch","locations":[{"start":{"line":80,"column":21},"end":{"line":80,"column":null}}]},"4":{"loc":{"start":{"line":129,"column":31},"end":{"line":129,"column":47}},"type":"cond-expr","locations":[{"start":{"line":129,"column":41},"end":{"line":129,"column":43}},{"start":{"line":129,"column":41},"end":{"line":129,"column":47}}]},"5":{"loc":{"start":{"line":129,"column":31},"end":{"line":129,"column":43}},"type":"binary-expr","locations":[{"start":{"line":129,"column":31},"end":{"line":129,"column":43}},{"start":{"line":129,"column":41},"end":{"line":129,"column":43}}]}},"s":{"0":1,"1":1,"2":1,"3":1,"4":1,"5":0,"6":0,"7":0,"8":0,"9":1,"10":0,"11":0,"12":0,"13":0,"14":0,"15":0,"16":1,"17":0,"18":0,"19":0,"20":0,"21":0,"22":0,"23":1,"24":0,"25":0,"26":0,"27":0,"28":0,"29":1,"30":1,"31":0,"32":0,"33":0,"34":0,"35":1,"36":1,"37":0,"38":0,"39":0,"40":0,"41":0,"42":0,"43":0,"44":0,"45":0,"46":0,"47":4,"48":0,"49":0,"50":4,"51":0,"52":0,"53":0,"54":0,"55":0,"56":0,"57":1},"f":{"0":0,"1":0,"2":0,"3":0,"4":0,"5":0,"6":0,"7":0,"8":1,"9":0,"10":0,"11":0,"12":4,"13":0,"14":4,"15":0,"16":0,"17":0,"18":0,"19":0},"b":{"0":[0],"1":[0],"2":[0],"3":[0],"4":[0,0],"5":[0,0]}}
,"C:\\Users\\Goose\\Desktop\\stellar-burgers\\src\\services\\constructorSlice.ts": {"path":"C:\\Users\\Goose\\Desktop\\stellar-burgers\\src\\services\\constructorSlice.ts","statementMap":{"0":{"start":{"line":2,"column":0},"end":{"line":2,"column":null}},"1":{"start":{"line":14,"column":40},"end":{"line":17,"column":2}},"2":{"start":{"line":18,"column":31},"end":{"line":18,"column":58}},"3":{"start":{"line":18,"column":53},"end":{"line":18,"column":77}},"4":{"start":{"line":20,"column":13},"end":{"line":55,"column":3}},"5":{"start":{"line":26,"column":8},"end":{"line":28,"column":51}},"6":{"start":{"line":30,"column":38},"end":{"line":32,"column":null}},"7":{"start":{"line":35,"column":6},"end":{"line":37,"column":8}},"8":{"start":{"line":36,"column":18},"end":{"line":36,"column":null}},"9":{"start":{"line":43,"column":6},"end":{"line":43,"column":41}},"10":{"start":{"line":45,"column":20},"end":{"line":45,"column":null}},"11":{"start":{"line":48,"column":34},"end":{"line":51,"column":null}},"12":{"start":{"line":52,"column":34},"end":{"line":52,"column":null}},"13":{"start":{"line":53,"column":26},"end":{"line":53,"column":null}},"14":{"start":{"line":56,"column":13},"end":{"line":59,"column":2}},"15":{"start":{"line":58,"column":13},"end":{"line":58,"column":null}},"16":{"start":{"line":60,"column":13},"end":{"line":63,"column":2}},"17":{"start":{"line":62,"column":13},"end":{"line":62,"column":null}},"18":{"start":{"line":64,"column":13},"end":{"line":67,"column":2}},"19":{"start":{"line":66,"column":13},"end":{"line":66,"column":null}},"20":{"start":{"line":68,"column":15},"end":{"line":68,"column":null}},"21":{"start":{"line":70,"column":0},"end":{"line":70,"column":40}}},"fnMap":{"0":{"name":"(anonymous_2)","decl":{"start":{"line":18,"column":31},"end":{"line":18,"column":32}},"loc":{"start":{"line":18,"column":48},"end":{"line":18,"column":58}}},"1":{"name":"(anonymous_3)","decl":{"start":{"line":25,"column":15},"end":{"line":25,"column":16}},"loc":{"start":{"line":25,"column":68},"end":{"line":29,"column":7}}},"2":{"name":"(anonymous_4)","decl":{"start":{"line":30,"column":15},"end":{"line":30,"column":16}},"loc":{"start":{"line":30,"column":33},"end":{"line":30,"column":39}}},"3":{"name":"(anonymous_5)","decl":{"start":{"line":34,"column":16},"end":{"line":34,"column":17}},"loc":{"start":{"line":34,"column":53},"end":{"line":38,"column":5}}},"4":{"name":"(anonymous_6)","decl":{"start":{"line":36,"column":8},"end":{"line":36,"column":9}},"loc":{"start":{"line":36,"column":13},"end":{"line":36,"column":22}}},"5":{"name":"(anonymous_7)","decl":{"start":{"line":39,"column":23},"end":{"line":39,"column":null}},"loc":{"start":{"line":41,"column":53},"end":{"line":44,"column":5}}},"6":{"name":"(anonymous_8)","decl":{"start":{"line":45,"column":14},"end":{"line":45,"column":20}},"loc":{"start":{"line":45,"column":14},"end":{"line":45,"column":32}}},"7":{"name":"(anonymous_9)","decl":{"start":{"line":48,"column":23},"end":{"line":48,"column":24}},"loc":{"start":{"line":48,"column":29},"end":{"line":48,"column":35}}},"8":{"name":"(anonymous_10)","decl":{"start":{"line":52,"column":23},"end":{"line":52,"column":24}},"loc":{"start":{"line":52,"column":29},"end":{"line":52,"column":39}}},"9":{"name":"(anonymous_11)","decl":{"start":{"line":53,"column":15},"end":{"line":53,"column":16}},"loc":{"start":{"line":53,"column":21},"end":{"line":53,"column":31}}},"10":{"name":"(anonymous_12)","decl":{"start":{"line":58,"column":2},"end":{"line":58,"column":3}},"loc":{"start":{"line":58,"column":8},"end":{"line":58,"column":18}}},"11":{"name":"(anonymous_13)","decl":{"start":{"line":62,"column":2},"end":{"line":62,"column":3}},"loc":{"start":{"line":62,"column":8},"end":{"line":62,"column":18}}},"12":{"name":"(anonymous_14)","decl":{"start":{"line":66,"column":2},"end":{"line":66,"column":3}},"loc":{"start":{"line":66,"column":8},"end":{"line":66,"column":18}}}},"branchMap":{"0":{"loc":{"start":{"line":26,"column":8},"end":{"line":28,"column":50}},"type":"cond-expr","locations":[{"start":{"line":27,"column":13},"end":{"line":27,"column":39}},{"start":{"line":28,"column":12},"end":{"line":28,"column":50}}]}},"s":{"0":2,"1":2,"2":2,"3":0,"4":2,"5":5,"6":5,"7":1,"8":1,"9":1,"10":1,"11":0,"12":0,"13":0,"14":2,"15":0,"16":2,"17":0,"18":2,"19":0,"20":2,"21":2},"f":{"0":0,"1":5,"2":5,"3":1,"4":1,"5":1,"6":1,"7":0,"8":0,"9":0,"10":0,"11":0,"12":0},"b":{"0":[2,3]}}
,"C:\\Users\\Goose\\Desktop\\stellar-burgers\\src\\services\\ingredientsSlice.ts": {"path":"C:\\Users\\Goose\\Desktop\\stellar-burgers\\src\\services\\ingredientsSlice.ts","statementMap":{"0":{"start":{"line":1,"column":0},"end":{"line":1,"column":65}},"1":{"start":{"line":2,"column":0},"end":{"line":2,"column":41}},"2":{"start":{"line":11,"column":40},"end":{"line":15,"column":2}},"3":{"start":{"line":17,"column":13},"end":{"line":20,"column":2}},"4":{"start":{"line":21,"column":13},"end":{"line":45,"column":3}},"5":{"start":{"line":26,"column":4},"end":{"line":39,"column":9}},"6":{"start":{"line":28,"column":8},"end":{"line":28,"column":29}},"7":{"start":{"line":29,"column":8},"end":{"line":29,"column":32}},"8":{"start":{"line":32,"column":8},"end":{"line":32,"column":30}},"9":{"start":{"line":33,"column":8},"end":{"line":33,"column":36}},"10":{"start":{"line":36,"column":8},"end":{"line":36,"column":30}},"11":{"start":{"line":37,"column":8},"end":{"line":37,"column":24}},"12":{"start":{"line":38,"column":8},"end":{"line":38,"column":43}},"13":{"start":{"line":42,"column":34},"end":{"line":42,"column":null}},"14":{"start":{"line":43,"column":30},"end":{"line":43,"column":null}},"15":{"start":{"line":46,"column":15},"end":{"line":46,"column":52}}},"fnMap":{"0":{"name":"(anonymous_0)","decl":{"start":{"line":25,"column":17},"end":{"line":25,"column":18}},"loc":{"start":{"line":25,"column":25},"end":{"line":40,"column":3}}},"1":{"name":"(anonymous_1)","decl":{"start":{"line":27,"column":41},"end":{"line":27,"column":42}},"loc":{"start":{"line":27,"column":47},"end":{"line":30,"column":7}}},"2":{"name":"(anonymous_2)","decl":{"start":{"line":31,"column":43},"end":{"line":31,"column":44}},"loc":{"start":{"line":31,"column":57},"end":{"line":34,"column":7}}},"3":{"name":"(anonymous_3)","decl":{"start":{"line":35,"column":42},"end":{"line":35,"column":43}},"loc":{"start":{"line":35,"column":56},"end":{"line":39,"column":7}}},"4":{"name":"(anonymous_4)","decl":{"start":{"line":42,"column":23},"end":{"line":42,"column":24}},"loc":{"start":{"line":42,"column":29},"end":{"line":42,"column":39}}},"5":{"name":"(anonymous_5)","decl":{"start":{"line":43,"column":19},"end":{"line":43,"column":20}},"loc":{"start":{"line":43,"column":25},"end":{"line":43,"column":35}}}},"branchMap":{},"s":{"0":2,"1":2,"2":2,"3":2,"4":2,"5":2,"6":1,"7":1,"8":1,"9":1,"10":1,"11":1,"12":1,"13":0,"14":0,"15":2},"f":{"0":2,"1":1,"2":1,"3":1,"4":0,"5":0},"b":{}}
,"C:\\Users\\Goose\\Desktop\\stellar-burgers\\src\\services\\ordersSlice.ts": {"path":"C:\\Users\\Goose\\Desktop\\stellar-burgers\\src\\services\\ordersSlice.ts","statementMap":{"0":{"start":{"line":1,"column":0},"end":{"line":1,"column":76}},"1":{"start":{"line":2,"column":0},"end":{"line":2,"column":null}},"2":{"start":{"line":20,"column":35},"end":{"line":28,"column":2}},"3":{"start":{"line":30,"column":13},"end":{"line":33,"column":2}},"4":{"start":{"line":32,"column":22},"end":{"line":32,"column":null}},"5":{"start":{"line":32,"column":28},"end":{"line":32,"column":54}},"6":{"start":{"line":32,"column":27},"end":{"line":32,"column":null}},"7":{"start":{"line":35,"column":13},"end":{"line":35,"column":70}},"8":{"start":{"line":36,"column":13},"end":{"line":36,"column":77}},"9":{"start":{"line":37,"column":13},"end":{"line":40,"column":2}},"10":{"start":{"line":42,"column":23},"end":{"line":45,"column":1}},"11":{"start":{"line":43,"column":2},"end":{"line":43,"column":26}},"12":{"start":{"line":44,"column":2},"end":{"line":44,"column":57}},"13":{"start":{"line":47,"column":13},"end":{"line":99,"column":3}},"14":{"start":{"line":52,"column":6},"end":{"line":52,"column":27}},"15":{"start":{"line":56,"column":4},"end":{"line":65,"column":53}},"16":{"start":{"line":58,"column":8},"end":{"line":58,"column":31}},"17":{"start":{"line":59,"column":8},"end":{"line":59,"column":32}},"18":{"start":{"line":62,"column":8},"end":{"line":62,"column":32}},"19":{"start":{"line":63,"column":8},"end":{"line":63,"column":39}},"20":{"start":{"line":67,"column":4},"end":{"line":73,"column":51}},"21":{"start":{"line":69,"column":8},"end":{"line":69,"column":43}},"22":{"start":{"line":70,"column":8},"end":{"line":70,"column":43}},"23":{"start":{"line":71,"column":8},"end":{"line":71,"column":53}},"24":{"start":{"line":75,"column":4},"end":{"line":83,"column":57}},"25":{"start":{"line":77,"column":8},"end":{"line":77,"column":31}},"26":{"start":{"line":80,"column":8},"end":{"line":80,"column":42}},"27":{"start":{"line":81,"column":8},"end":{"line":81,"column":32}},"28":{"start":{"line":85,"column":4},"end":{"line":87,"column":7}},"29":{"start":{"line":86,"column":6},"end":{"line":86,"column":47}},"30":{"start":{"line":90,"column":35},"end":{"line":90,"column":null}},"31":{"start":{"line":91,"column":27},"end":{"line":91,"column":null}},"32":{"start":{"line":92,"column":33},"end":{"line":92,"column":null}},"33":{"start":{"line":93,"column":29},"end":{"line":96,"column":null}},"34":{"start":{"line":97,"column":30},"end":{"line":97,"column":null}},"35":{"start":{"line":101,"column":15},"end":{"line":101,"column":52}},"36":{"start":{"line":103,"column":2},"end":{"line":107,"column":null}}},"fnMap":{"0":{"name":"(anonymous_13)","decl":{"start":{"line":32,"column":2},"end":{"line":32,"column":9}},"loc":{"start":{"line":32,"column":22},"end":{"line":32,"column":null}}},"1":{"name":"(anonymous_14)","decl":{"start":{"line":32,"column":22},"end":{"line":32,"column":27}},"loc":{"start":{"line":32,"column":22},"end":{"line":32,"column":null}}},"2":{"name":"(anonymous_16)","decl":{"start":{"line":42,"column":23},"end":{"line":42,"column":24}},"loc":{"start":{"line":42,"column":62},"end":{"line":45,"column":1}}},"3":{"name":"(anonymous_17)","decl":{"start":{"line":51,"column":18},"end":{"line":51,"column":19}},"loc":{"start":{"line":51,"column":24},"end":{"line":53,"column":5}}},"4":{"name":"(anonymous_18)","decl":{"start":{"line":55,"column":17},"end":{"line":55,"column":18}},"loc":{"start":{"line":55,"column":25},"end":{"line":88,"column":3}}},"5":{"name":"(anonymous_19)","decl":{"start":{"line":57,"column":36},"end":{"line":57,"column":37}},"loc":{"start":{"line":57,"column":42},"end":{"line":60,"column":7}}},"6":{"name":"(anonymous_20)","decl":{"start":{"line":61,"column":38},"end":{"line":61,"column":39}},"loc":{"start":{"line":61,"column":52},"end":{"line":64,"column":7}}},"7":{"name":"(anonymous_21)","decl":{"start":{"line":68,"column":36},"end":{"line":68,"column":37}},"loc":{"start":{"line":68,"column":50},"end":{"line":72,"column":7}}},"8":{"name":"(anonymous_22)","decl":{"start":{"line":76,"column":40},"end":{"line":76,"column":41}},"loc":{"start":{"line":76,"column":46},"end":{"line":78,"column":7}}},"9":{"name":"(anonymous_23)","decl":{"start":{"line":79,"column":42},"end":{"line":79,"column":43}},"loc":{"start":{"line":79,"column":56},"end":{"line":82,"column":7}}},"10":{"name":"(anonymous_24)","decl":{"start":{"line":85,"column":50},"end":{"line":85,"column":51}},"loc":{"start":{"line":85,"column":64},"end":{"line":87,"column":5}}},"11":{"name":"(anonymous_25)","decl":{"start":{"line":90,"column":24},"end":{"line":90,"column":25}},"loc":{"start":{"line":90,"column":30},"end":{"line":90,"column":40}}},"12":{"name":"(anonymous_26)","decl":{"start":{"line":91,"column":16},"end":{"line":91,"column":17}},"loc":{"start":{"line":91,"column":22},"end":{"line":91,"column":32}}},"13":{"name":"(anonymous_27)","decl":{"start":{"line":92,"column":22},"end":{"line":92,"column":23}},"loc":{"start":{"line":92,"column":28},"end":{"line":92,"column":38}}},"14":{"name":"(anonymous_28)","decl":{"start":{"line":93,"column":18},"end":{"line":93,"column":19}},"loc":{"start":{"line":93,"column":24},"end":{"line":93,"column":30}}},"15":{"name":"(anonymous_29)","decl":{"start":{"line":97,"column":19},"end":{"line":97,"column":20}},"loc":{"start":{"line":97,"column":25},"end":{"line":97,"column":35}}}},"branchMap":{"0":{"loc":{"start":{"line":32,"column":28},"end":{"line":32,"column":54}},"type":"switch","locations":[{"start":{"line":32,"column":28},"end":{"line":32,"column":54}},{"start":{"line":32,"column":27},"end":{"line":32,"column":null}}]},"1":{"loc":{"start":{"line":44,"column":16},"end":{"line":44,"column":56}},"type":"binary-expr","locations":[{"start":{"line":44,"column":16},"end":{"line":44,"column":37}},{"start":{"line":44,"column":41},"end":{"line":44,"column":56}}]},"2":{"loc":{"start":{"line":44,"column":16},"end":{"line":44,"column":37}},"type":"cond-expr","locations":[{"start":{"line":44,"column":28},"end":{"line":44,"column":30}},{"start":{"line":44,"column":28},"end":{"line":44,"column":37}}]},"3":{"loc":{"start":{"line":44,"column":16},"end":{"line":44,"column":30}},"type":"binary-expr","locations":[{"start":{"line":44,"column":16},"end":{"line":44,"column":30}},{"start":{"line":44,"column":28},"end":{"line":44,"column":30}}]}},"s":{"0":1,"1":1,"2":1,"3":1,"4":0,"5":0,"6":0,"7":1,"8":1,"9":1,"10":1,"11":0,"12":0,"13":1,"14":0,"15":1,"16":0,"17":0,"18":0,"19":0,"20":1,"21":0,"22":0,"23":0,"24":1,"25":0,"26":0,"27":0,"28":1,"29":0,"30":0,"31":0,"32":0,"33":0,"34":0,"35":1,"36":1},"f":{"0":0,"1":0,"2":0,"3":0,"4":1,"5":0,"6":0,"7":0,"8":0,"9":0,"10":0,"11":0,"12":0,"13":0,"14":0,"15":0},"b":{"0":[0,0],"1":[0,0],"2":[0,0],"3":[0,0]}}
,"C:\\Users\\Goose\\Desktop\\stellar-burgers\\src\\services\\store.ts": {"path":"C:\\Users\\Goose\\Desktop\\stellar-burgers\\src\\services\\store.ts","statementMap":{"0":{"start":{"line":1,"column":0},"end":{"line":1,"column":null}},"1":{"start":{"line":6,"column":0},"end":{"line":6,"column":67}},"2":{"start":{"line":7,"column":0},"end":{"line":7,"column":54}},"3":{"start":{"line":8,"column":0},"end":{"line":8,"column":40}},"4":{"start":{"line":9,"column":0},"end":{"line":9,"column":54}},"5":{"start":{"line":10,"column":0},"end":{"line":10,"column":44}},"6":{"start":{"line":12,"column":13},"end":{"line":17,"column":3}},"7":{"start":{"line":19,"column":13},"end":{"line":22,"column":3}},"8":{"start":{"line":26,"column":13},"end":{"line":26,"column":59}},"9":{"start":{"line":27,"column":13},"end":{"line":27,"column":73}}},"fnMap":{},"branchMap":{},"s":{"0":1,"1":1,"2":1,"3":1,"4":1,"5":1,"6":1,"7":1,"8":1,"9":1},"f":{},"b":{}}
,"C:\\Users\\Goose\\Desktop\\stellar-burgers\\src\\utils\\cookie.ts": {"path":"C:\\Users\\Goose\\Desktop\\stellar-burgers\\src\\utils\\cookie.ts","statementMap":{"0":{"start":{"line":2,"column":18},"end":{"line":8,"column":null}},"1":{"start":{"line":10,"column":2},"end":{"line":10,"column":62}},"2":{"start":{"line":1,"column":0},"end":{"line":1,"column":16}},"3":{"start":{"line":16,"column":2},"end":{"line":16,"column":null}},"4":{"start":{"line":18,"column":2},"end":{"line":21,"column":4}},"5":{"start":{"line":23,"column":12},"end":{"line":23,"column":25}},"6":{"start":{"line":24,"column":2},"end":{"line":28,"column":3}},"7":{"start":{"line":25,"column":14},"end":{"line":25,"column":24}},"8":{"start":{"line":26,"column":4},"end":{"line":26,"column":40}},"9":{"start":{"line":27,"column":4},"end":{"line":27,"column":28}},"10":{"start":{"line":30,"column":2},"end":{"line":32,"column":3}},"11":{"start":{"line":31,"column":4},"end":{"line":31,"column":38}},"12":{"start":{"line":33,"column":2},"end":{"line":33,"column":36}},"13":{"start":{"line":34,"column":22},"end":{"line":34,"column":40}},"14":{"start":{"line":35,"column":2},"end":{"line":41,"column":3}},"15":{"start":{"line":36,"column":4},"end":{"line":36,"column":37}},"16":{"start":{"line":37,"column":22},"end":{"line":37,"column":37}},"17":{"start":{"line":38,"column":4},"end":{"line":40,"column":5}},"18":{"start":{"line":39,"column":6},"end":{"line":39,"column":39}},"19":{"start":{"line":42,"column":2},"end":{"line":42,"column":34}},"20":{"start":{"line":13,"column":0},"end":{"line":13,"column":16}},"21":{"start":{"line":46,"column":2},"end":{"line":46,"column":39}},"22":{"start":{"line":45,"column":0},"end":{"line":45,"column":16}}},"fnMap":{"0":{"name":"getCookie","decl":{"start":{"line":1,"column":16},"end":{"line":1,"column":25}},"loc":{"start":{"line":1,"column":38},"end":{"line":11,"column":1}}},"1":{"name":"setCookie","decl":{"start":{"line":13,"column":16},"end":{"line":13,"column":25}},"loc":{"start":{"line":16,"column":65},"end":{"line":43,"column":1}}},"2":{"name":"deleteCookie","decl":{"start":{"line":45,"column":16},"end":{"line":45,"column":28}},"loc":{"start":{"line":45,"column":41},"end":{"line":47,"column":1}}}},"branchMap":{"0":{"loc":{"start":{"line":10,"column":9},"end":{"line":10,"column":61}},"type":"cond-expr","locations":[{"start":{"line":10,"column":19},"end":{"line":10,"column":49}},{"start":{"line":10,"column":52},"end":{"line":10,"column":61}}]},"1":{"loc":{"start":{"line":16,"column":2},"end":{"line":16,"column":null}},"type":"if","locations":[{"start":{"line":16,"column":2},"end":{"line":16,"column":null}}]},"2":{"loc":{"start":{"line":24,"column":2},"end":{"line":28,"column":3}},"type":"if","locations":[{"start":{"line":24,"column":2},"end":{"line":28,"column":3}}]},"3":{"loc":{"start":{"line":24,"column":6},"end":{"line":24,"column":36}},"type":"binary-expr","locations":[{"start":{"line":24,"column":6},"end":{"line":24,"column":9}},{"start":{"line":24,"column":13},"end":{"line":24,"column":36}}]},"4":{"loc":{"start":{"line":30,"column":2},"end":{"line":32,"column":3}},"type":"if","locations":[{"start":{"line":30,"column":2},"end":{"line":32,"column":3}}]},"5":{"loc":{"start":{"line":30,"column":6},"end":{"line":30,"column":32}},"type":"binary-expr","locations":[{"start":{"line":30,"column":6},"end":{"line":30,"column":9}},{"start":{"line":30,"column":13},"end":{"line":30,"column":32}}]},"6":{"loc":{"start":{"line":38,"column":4},"end":{"line":40,"column":5}},"type":"if","locations":[{"start":{"line":38,"column":4},"end":{"line":40,"column":5}}]}},"s":{"0":0,"1":0,"2":1,"3":0,"4":0,"5":0,"6":0,"7":0,"8":0,"9":0,"10":0,"11":0,"12":0,"13":0,"14":0,"15":0,"16":0,"17":0,"18":0,"19":0,"20":1,"21":0,"22":1},"f":{"0":0,"1":0,"2":0},"b":{"0":[0,0],"1":[0],"2":[0],"3":[0,0],"4":[0],"5":[0,0],"6":[0]}}
}
