TN:
SF:src\services\authSlice.ts
FN:31,(anonymous_13)
FN:45,(anonymous_14)
FN:45,(anonymous_15)
FN:57,(anonymous_17)
FN:57,(anonymous_18)
FN:67,(anonymous_20)
FN:79,(anonymous_23)
FN:79,(anonymous_24)
FN:89,(anonymous_26)
FN:93,(anonymous_27)
FN:99,(anonymous_28)
FN:103,(anonymous_29)
FN:110,(anonymous_30)
FN:111,(anonymous_31)
FN:117,(anonymous_32)
FN:118,(anonymous_33)
FN:126,(anonymous_34)
FN:127,(anonymous_35)
FN:128,(anonymous_36)
FN:129,(anonymous_37)
FNF:20
FNH:3
FNDA:0,(anonymous_13)
FNDA:0,(anonymous_14)
FNDA:0,(anonymous_15)
FNDA:0,(anonymous_17)
FNDA:0,(anonymous_18)
FNDA:0,(anonymous_20)
FNDA:0,(anonymous_23)
FNDA:0,(anonymous_24)
FNDA:1,(anonymous_26)
FNDA:0,(anonymous_27)
FNDA:0,(anonymous_28)
FNDA:0,(anonymous_29)
FNDA:4,(anonymous_30)
FNDA:0,(anonymous_31)
FNDA:4,(anonymous_32)
FNDA:0,(anonymous_33)
FNDA:0,(anonymous_34)
FNDA:0,(anonymous_35)
FNDA:0,(anonymous_36)
FNDA:0,(anonymous_37)
DA:2,1
DA:4,1
DA:13,1
DA:23,1
DA:31,1
DA:37,0
DA:38,0
DA:39,0
DA:40,0
DA:43,1
DA:45,0
DA:46,0
DA:47,0
DA:48,0
DA:49,0
DA:55,1
DA:57,0
DA:58,0
DA:59,0
DA:60,0
DA:61,0
DA:67,1
DA:68,0
DA:69,0
DA:70,0
DA:71,0
DA:75,1
DA:77,1
DA:79,0
DA:80,0
DA:81,0
DA:85,1
DA:90,1
DA:94,0
DA:95,0
DA:96,0
DA:97,0
DA:100,0
DA:101,0
DA:104,0
DA:105,0
DA:106,0
DA:107,0
DA:110,4
DA:112,0
DA:113,0
DA:117,4
DA:119,0
DA:120,0
DA:126,0
DA:127,0
DA:128,0
DA:129,0
DA:134,1
LF:54
LH:15
BRDA:46,0,0,0
BRDA:58,1,0,0
BRDA:68,2,0,0
BRDA:80,3,0,0
BRDA:129,4,0,0
BRDA:129,4,1,0
BRDA:129,5,0,0
BRDA:129,5,1,0
BRF:8
BRH:0
end_of_record
TN:
SF:src\services\constructorSlice.ts
FN:18,(anonymous_2)
FN:25,(anonymous_3)
FN:30,(anonymous_4)
FN:34,(anonymous_5)
FN:36,(anonymous_6)
FN:39,(anonymous_7)
FN:45,(anonymous_8)
FN:48,(anonymous_9)
FN:52,(anonymous_10)
FN:53,(anonymous_11)
FN:58,(anonymous_12)
FN:62,(anonymous_13)
FN:66,(anonymous_14)
FNF:13
FNH:6
FNDA:0,(anonymous_2)
FNDA:5,(anonymous_3)
FNDA:5,(anonymous_4)
FNDA:1,(anonymous_5)
FNDA:1,(anonymous_6)
FNDA:1,(anonymous_7)
FNDA:1,(anonymous_8)
FNDA:0,(anonymous_9)
FNDA:0,(anonymous_10)
FNDA:0,(anonymous_11)
FNDA:0,(anonymous_12)
FNDA:0,(anonymous_13)
FNDA:0,(anonymous_14)
DA:2,2
DA:14,2
DA:18,2
DA:20,2
DA:26,5
DA:30,5
DA:35,1
DA:36,1
DA:43,1
DA:45,1
DA:48,0
DA:52,0
DA:53,0
DA:56,2
DA:58,0
DA:60,2
DA:62,0
DA:64,2
DA:66,0
DA:68,2
DA:70,2
LF:21
LH:15
BRDA:26,0,0,2
BRDA:26,0,1,3
BRF:2
BRH:2
end_of_record
TN:
SF:src\services\ingredientsSlice.ts
FN:25,(anonymous_0)
FN:27,(anonymous_1)
FN:31,(anonymous_2)
FN:35,(anonymous_3)
FN:42,(anonymous_4)
FN:43,(anonymous_5)
FNF:6
FNH:4
FNDA:2,(anonymous_0)
FNDA:1,(anonymous_1)
FNDA:1,(anonymous_2)
FNDA:1,(anonymous_3)
FNDA:0,(anonymous_4)
FNDA:0,(anonymous_5)
DA:1,2
DA:2,2
DA:11,2
DA:17,2
DA:21,2
DA:26,2
DA:28,1
DA:29,1
DA:32,1
DA:33,1
DA:36,1
DA:37,1
DA:38,1
DA:42,0
DA:43,0
DA:46,2
LF:16
LH:14
BRF:0
BRH:0
end_of_record
TN:
SF:src\services\ordersSlice.ts
FN:32,(anonymous_13)
FN:32,(anonymous_14)
FN:42,(anonymous_16)
FN:51,(anonymous_17)
FN:55,(anonymous_18)
FN:57,(anonymous_19)
FN:61,(anonymous_20)
FN:68,(anonymous_21)
FN:76,(anonymous_22)
FN:79,(anonymous_23)
FN:85,(anonymous_24)
FN:90,(anonymous_25)
FN:91,(anonymous_26)
FN:92,(anonymous_27)
FN:93,(anonymous_28)
FN:97,(anonymous_29)
FNF:16
FNH:1
FNDA:0,(anonymous_13)
FNDA:0,(anonymous_14)
FNDA:0,(anonymous_16)
FNDA:0,(anonymous_17)
FNDA:1,(anonymous_18)
FNDA:0,(anonymous_19)
FNDA:0,(anonymous_20)
FNDA:0,(anonymous_21)
FNDA:0,(anonymous_22)
FNDA:0,(anonymous_23)
FNDA:0,(anonymous_24)
FNDA:0,(anonymous_25)
FNDA:0,(anonymous_26)
FNDA:0,(anonymous_27)
FNDA:0,(anonymous_28)
FNDA:0,(anonymous_29)
DA:1,1
DA:2,1
DA:20,1
DA:30,1
DA:32,0
DA:35,1
DA:36,1
DA:37,1
DA:42,1
DA:43,0
DA:44,0
DA:47,1
DA:52,0
DA:56,1
DA:58,0
DA:59,0
DA:62,0
DA:63,0
DA:67,1
DA:69,0
DA:70,0
DA:71,0
DA:75,1
DA:77,0
DA:80,0
DA:81,0
DA:85,1
DA:86,0
DA:90,0
DA:91,0
DA:92,0
DA:93,0
DA:97,0
DA:101,1
DA:103,1
LF:35
LH:15
BRDA:32,0,0,0
BRDA:32,0,1,0
BRDA:44,1,0,0
BRDA:44,1,1,0
BRDA:44,2,0,0
BRDA:44,2,1,0
BRDA:44,3,0,0
BRDA:44,3,1,0
BRF:8
BRH:0
end_of_record
TN:
SF:src\services\store.ts
FNF:0
FNH:0
DA:1,1
DA:6,1
DA:7,1
DA:8,1
DA:9,1
DA:10,1
DA:12,1
DA:19,1
DA:26,1
DA:27,1
LF:10
LH:10
BRF:0
BRH:0
end_of_record
TN:
SF:src\utils\cookie.ts
FN:1,getCookie
FN:13,setCookie
FN:45,deleteCookie
FNF:3
FNH:0
FNDA:0,getCookie
FNDA:0,setCookie
FNDA:0,deleteCookie
DA:1,1
DA:2,0
DA:10,0
DA:13,1
DA:16,0
DA:18,0
DA:23,0
DA:24,0
DA:25,0
DA:26,0
DA:27,0
DA:30,0
DA:31,0
DA:33,0
DA:34,0
DA:35,0
DA:36,0
DA:37,0
DA:38,0
DA:39,0
DA:42,0
DA:45,1
DA:46,0
LF:23
LH:3
BRDA:10,0,0,0
BRDA:10,0,1,0
BRDA:16,1,0,0
BRDA:24,2,0,0
BRDA:24,3,0,0
BRDA:24,3,1,0
BRDA:30,4,0,0
BRDA:30,5,0,0
BRDA:30,5,1,0
BRDA:38,6,0,0
BRF:10
BRH:0
end_of_record
